<?xml version="1.0" encoding="UTF-8"?>
<coverage generated="1770312720683" clover="3.2.0">
  <project timestamp="1770312720683" name="All files">
    <metrics statements="8" coveredstatements="6" conditionals="2" coveredconditionals="2" methods="3" coveredmethods="2" elements="13" coveredelements="10" complexity="0" loc="8" ncloc="8" packages="1" files="2" classes="2"/>
    <file name="CourseRepository.ts" path="C:\Users\henri\OneDrive\Documentos\github\testing\src\CourseRepository.ts">
      <metrics statements="3" coveredstatements="1" conditionals="0" coveredconditionals="0" methods="2" coveredmethods="1"/>
      <line num="5" count="0" type="stmt"/>
      <line num="7" count="0" type="stmt"/>
      <line num="15" count="1" type="stmt"/>
    </file>
    <file name="createCourse.ts" path="C:\Users\henri\OneDrive\Documentos\github\testing\src\createCourse.ts">
      <metrics statements="5" coveredstatements="5" conditionals="2" coveredconditionals="2" methods="1" coveredmethods="1"/>
      <line num="13" count="1" type="stmt"/>
      <line num="16" count="2" type="cond" truecount="2" falsecount="0"/>
      <line num="17" count="1" type="stmt"/>
      <line num="20" count="1" type="stmt"/>
      <line num="24" count="1" type="stmt"/>
    </file>
  </project>
</coverage>
