{"C:\\Users\\henri\\OneDrive\\Documentos\\github\\testing\\src\\CourseRepository.ts": {"path":"C:\\Users\\henri\\OneDrive\\Documentos\\github\\testing\\src\\CourseRepository.ts","statementMap":{"0":{"start":{"line":5,"column":4},"end":{"line":5,"column":null}},"1":{"start":{"line":7,"column":4},"end":{"line":11,"column":null}},"2":{"start":{"line":15,"column":4},"end":{"line":19,"column":null}}},"fnMap":{"0":{"name":"(anonymous_0)","decl":{"start":{"line":4,"column":8},"end":{"line":4,"column":17}},"loc":{"start":{"line":4,"column":35},"end":{"line":12,"column":null}},"line":4},"1":{"name":"(anonymous_1)","decl":{"start":{"line":14,"column":8},"end":{"line":14,"column":15}},"loc":{"start":{"line":14,"column":29},"end":{"line":20,"column":null}},"line":14}},"branchMap":{},"s":{"0":0,"1":0,"2":1},"f":{"0":0,"1":1},"b":{},"meta":{"lastBranch":0,"lastFunction":2,"lastStatement":3,"seen":{"f:4:8:4:17":0,"s:5:4:5:Infinity":0,"s:7:4:11:Infinity":1,"f:14:8:14:15":1,"s:15:4:19:Infinity":2}}}
,"C:\\Users\\henri\\OneDrive\\Documentos\\github\\testing\\src\\createCourse.ts": {"path":"C:\\Users\\henri\\OneDrive\\Documentos\\github\\testing\\src\\createCourse.ts","statementMap":{"0":{"start":{"line":13,"column":25},"end":{"line":13,"column":null}},"1":{"start":{"line":16,"column":2},"end":{"line":18,"column":null}},"2":{"start":{"line":17,"column":4},"end":{"line":17,"column":null}},"3":{"start":{"line":20,"column":17},"end":{"line":22,"column":null}},"4":{"start":{"line":24,"column":2},"end":{"line":24,"column":null}}},"fnMap":{"0":{"name":"createCourse","decl":{"start":{"line":15,"column":22},"end":{"line":15,"column":35}},"loc":{"start":{"line":15,"column":90},"end":{"line":25,"column":null}},"line":15}},"branchMap":{"0":{"loc":{"start":{"line":16,"column":2},"end":{"line":18,"column":null}},"type":"if","locations":[{"start":{"line":16,"column":2},"end":{"line":18,"column":null}},{"start":{},"end":{}}],"line":16}},"s":{"0":1,"1":2,"2":1,"3":1,"4":1},"f":{"0":2},"b":{"0":[1,1]},"meta":{"lastBranch":1,"lastFunction":1,"lastStatement":5,"seen":{"s:13:25:13:Infinity":0,"f:15:22:15:35":0,"b:16:2:18:Infinity:undefined:undefined:undefined:undefined":0,"s:16:2:18:Infinity":1,"s:17:4:17:Infinity":2,"s:20:17:22:Infinity":3,"s:24:2:24:Infinity":4}}}
}
